Command line:
   Data_Memory_isim_beh.exe
     -simmode  gui
     -simrunnum  0
     -socket  50968

Sat Jan 23 20:49:14 2021


 Elaboration Time: 0.046875 sec

 Current Memory Usage: 5160.18 Meg

 Total Signals          : 6
 Total Nets             : 706
 Total Signal Drivers   : 2
 Total Blocks           : 5
 Total Primitive Blocks : 5
 Total Processes        : 1
 Total Traceable Variables  : 15
 Total Scalar Nets and Variables : 1207
Total Line Count : 4

 Total Simulation Time: 0.0625 sec

 Current Memory Usage: 5160.18 Meg

Sat Jan 23 20:49:19 2021

