Running: D:\VHDL\14.7\ISE_DS\ISE\bin\nt64\unwrapped\fuse.exe -intstyle ise -incremental -o D:/Xilinx/RISC-V_Processor/Data_Memory_isim_beh.exe -prj D:/Xilinx/RISC-V_Processor/Data_Memory_beh.prj Data_Memory 
ISim P.20131013 (signature 0x7708f090)
Number of CPUs detected in this system: 6
Turning on mult-threading, number of parallel sub-compilation jobs: 12 
Determining compilation order of HDL files
Parsing VHDL file "D:/Xilinx/RISC-V_Processor/Data_Memory.vhd" into library work
Starting static elaboration
Completed static elaboration
Compiling package standard
Compiling package std_logic_1164
Compiling package std_logic_arith
Compiling package std_logic_unsigned
Compiling package numeric_std
Compiling architecture behavioral of entity data_memory
Time Resolution for simulation is 1ps.
Waiting for 1 sub-compilation(s) to finish...
WARNING:Simulator - Unable to copy libPortabilityNOSH.dll to the simulation executable directory: boost::filesystem::copy_file: The system cannot find the path specified, "isim\Data_Memory_isim_beh.exe.sim\libPortability.dll".
Compiled 6 VHDL Units
Built simulation executable D:/Xilinx/RISC-V_Processor/Data_Memory_isim_beh.exe
Fuse Memory Usage: 36732 KB
Fuse CPU Usage: 983 ms
